mpiifort -shared-intel  -heap-arrays 10 -O3 -xHOST -c  test_bkgrdmodel.F90
mpiifort -shared-intel  -heap-arrays 10 -O3 -xHOST -c  analytic_semi_mapping.f90
mpiifort -shared-intel  -heap-arrays 10 -O3 -xHOST -c  analytic_spheroid_mapping.f90
mpiifort -shared-intel  -heap-arrays 10 -O3 -xHOST -c  subpar_mapping.f90
mpiifort -shared-intel  -heap-arrays 10 -O3 -xHOST -c  analytic_mapping.f90
mpiifort -shared-intel  -heap-arrays 10 -O3 -xHOST -c  clocks.f90
mpiifort -shared-intel  -heap-arrays 10 -O3 -xHOST -c  data_time.f90
mpiifort -shared-intel  -heap-arrays 10 -O3 -xHOST -c  clocks_wrapper_mesher.f90
mpiifort -shared-intel  -heap-arrays 10 -O3 -xHOST -c  data_coarse.f90
mpiifort -shared-intel  -heap-arrays 10 -O3 -xHOST -c  data_numbering.f90
mpiifort -shared-intel  -heap-arrays 10 -O3 -xHOST -c  data_pdb.f90
mpiifort -shared-intel  -heap-arrays 10 -O3 -xHOST -c  model_discontinuities.f90
mpiifort -shared-intel  -heap-arrays 10 -O3 -xHOST -c  splib.f90
mpiifort -shared-intel  -heap-arrays 10 -O3 -xHOST -c  discont_meshing.f90
mpiifort -shared-intel  -heap-arrays 10 -O3 -xHOST -c  gllmeshgen.f90
mpiifort -shared-intel  -heap-arrays 10 -O3 -xHOST -c  input.f90
mpiifort -shared-intel  -heap-arrays 10 -O3 -xHOST -c  mesh_info.f90
mpiifort -shared-intel  -heap-arrays 10 -O3 -xHOST -c  sorting.f90
mpiifort -shared-intel  -heap-arrays 10 -O3 -xHOST -c  numbering.f90
mpiifort -shared-intel  -heap-arrays 10 -O3 -xHOST -c  meshgen.f90
mpiifort -shared-intel  -heap-arrays 10 -O3 -xHOST -c  parallelization.f90
mpiifort -shared-intel  -heap-arrays 10 -O3 -xHOST -c  pdb.f90
mpiifort -shared-intel  -heap-arrays 10 -O3 -xHOST -c  main.f90
mpiifort -O3 -xHost  -o xmesh background_models.o test_bkgrdmodel.o analytic_mapping.o analytic_semi_mapping.o analytic_spheroid_mapping.o clocks.o clocks_wrapper_mesher.o data_bkgrdmodel.o data_coarse.o data_diag.o data_gllmesh.o data_grid.o data_mesh.o data_numbering.o data_pdb.o data_spec.o data_time.o discont_meshing.o gllmeshgen.o global_parameters.o input.o interpolation.o main.o mesh_info.o meshgen.o model_discontinuities.o numbering.o parallelization.o pdb.o sorting.o splib.o subpar_mapping.o 
